<?xml version="1.0" encoding="UTF-8"?>
<!-- Generated by org.testng.reporters.JUnitXMLReporter -->
<testsuite hostname="John007-Dell" ignored="0" name="Regresion_Test" tests="3" failures="0" timestamp="30 Nov 2020 03:18:34 GMT" time="3.217" errors="0">
  <testcase name="TC_homeLoanSelect" time="0.707" classname="testScenarios.TS_PersonalLoan"/>
  <testcase name="TC_EnterDetails" time="1.94" classname="testScenarios.TS_PersonalLoan"/>
  <testcase name="TC_ScrollDown" time="0.151" classname="testScenarios.TS_PersonalLoan"/>
</testsuite> <!-- Regresion_Test -->
