<?xml version="1.0" encoding="UTF-8"?>
<!-- Generated by org.testng.reporters.JUnitXMLReporter -->
<testsuite hostname="John007-Dell" ignored="0" name="Regresion_Test" tests="3" failures="0" timestamp="28 Nov 2020 02:28:02 GMT" time="3.467" errors="0">
  <testcase name="TC_homeLoanSelect" time="0.757" classname="tests.TS_PersonalLoan"/>
  <testcase name="TC_EnterDetails" time="2.087" classname="tests.TS_PersonalLoan"/>
  <testcase name="TC_ScrollDown" time="0.118" classname="tests.TS_PersonalLoan"/>
</testsuite> <!-- Regresion_Test -->
