<?xml version="1.0" encoding="UTF-8"?>
<!-- Generated by org.testng.reporters.JUnitXMLReporter -->
<testsuite hostname="John007-Dell" ignored="4" name="Smoke_Test" tests="12" failures="0" timestamp="28 Nov 2020 02:26:13 GMT" time="34.619" errors="0">
  <testcase name="TC_CarLoanSelect" time="0.548" classname="tests.TS_CarLoan"/>
  <testcase name="TC_EnterDetails" time="2.034" classname="tests.TS_CarLoan"/>
  <testcase name="TC_SelectMonth" time="0.843" classname="tests.TS_CarLoan"/>
  <testcase name="TC_DisplayResult" time="1.496" classname="tests.TS_CarLoan"/>
  <testcase name="TC_homeLoanSelect" time="0.492" classname="tests.TS_HomeLoan"/>
  <testcase name="TC_readHomeLoanData" time="2.191" classname="tests.TS_HomeLoan"/>
  <testcase name="TC_ScrollDown" time="0.088" classname="tests.TS_HomeLoan"/>
  <testcase name="TC_YearWiseData" time="0.823" classname="tests.TS_HomeLoan"/>
  <testcase name="TC_SelectLoanCalculator" time="7.674" classname="tests.TS_UICheck"/>
  <testcase name="TC_EMICalculator" time="5.69" classname="tests.TS_UICheck"/>
  <testcase name="TC_LoanAmountCalculator" time="5.325" classname="tests.TS_UICheck"/>
  <testcase name="TC_LoanTenureCalculator" time="5.151" classname="tests.TS_UICheck"/>
  <testcase name="@BeforeSuite openWebsite" time="0.0" classname="tests.BaseClass">
    <ignored/>
  </testcase> <!-- @BeforeSuite openWebsite -->
  <testcase name="@BeforeSuite openWebsite" time="0.0" classname="tests.BaseClass">
    <ignored/>
  </testcase> <!-- @BeforeSuite openWebsite -->
  <testcase name="@AfterSuite exitBrowser" time="0.0" classname="tests.BaseClass">
    <ignored/>
  </testcase> <!-- @AfterSuite exitBrowser -->
  <testcase name="@AfterSuite exitBrowser" time="0.0" classname="tests.BaseClass">
    <ignored/>
  </testcase> <!-- @AfterSuite exitBrowser -->
</testsuite> <!-- Smoke_Test -->
