<?xml version="1.0" encoding="UTF-8"?>
<!-- Generated by org.testng.reporters.JUnitXMLReporter -->
<testsuite hostname="John007-Dell" ignored="4" name="Smoke_Test" tests="12" failures="0" timestamp="30 Nov 2020 12:04:58 GMT" time="36.457" errors="0">
  <testcase name="TC_carLoanSelect" time="0.621" classname="testScenarios.TS_CarLoan"/>
  <testcase name="TC_enterDetails" time="2.085" classname="testScenarios.TS_CarLoan"/>
  <testcase name="TC_selectMonth" time="0.984" classname="testScenarios.TS_CarLoan"/>
  <testcase name="TC_displayResult" time="1.339" classname="testScenarios.TS_CarLoan"/>
  <testcase name="TC_homeLoanSelect" time="0.442" classname="testScenarios.TS_HomeLoan"/>
  <testcase name="TC_readHomeLoanData" time="2.27" classname="testScenarios.TS_HomeLoan"/>
  <testcase name="TC_scrollDown" time="0.09" classname="testScenarios.TS_HomeLoan"/>
  <testcase name="TC_yearWiseData" time="1.055" classname="testScenarios.TS_HomeLoan"/>
  <testcase name="TC_selectLoanCalculator" time="7.883" classname="testScenarios.TS_UICheck"/>
  <testcase name="TC_emiCalculator" time="5.551" classname="testScenarios.TS_UICheck"/>
  <testcase name="TC_loanAmountCalculator" time="6.125" classname="testScenarios.TS_UICheck"/>
  <testcase name="TC_loanTenureCalculator" time="5.518" classname="testScenarios.TS_UICheck"/>
  <testcase name="@BeforeSuite openWebsite" time="0.0" classname="testScenarios.DriverSetup">
    <ignored/>
  </testcase> <!-- @BeforeSuite openWebsite -->
  <testcase name="@BeforeSuite openWebsite" time="0.0" classname="testScenarios.DriverSetup">
    <ignored/>
  </testcase> <!-- @BeforeSuite openWebsite -->
  <testcase name="@AfterSuite exitBrowser" time="0.0" classname="testScenarios.DriverSetup">
    <ignored/>
  </testcase> <!-- @AfterSuite exitBrowser -->
  <testcase name="@AfterSuite exitBrowser" time="0.0" classname="testScenarios.DriverSetup">
    <ignored/>
  </testcase> <!-- @AfterSuite exitBrowser -->
</testsuite> <!-- Smoke_Test -->
