<?xml version="1.0" encoding="UTF-8"?>
<testng-results skipped="0" failed="0" ignored="8" total="38" passed="30">
  <reporter-output>
  </reporter-output>
  <suite name="Chrome_Suite" duration-ms="0" started-at="2020-11-30T12:06:22Z" finished-at="2020-11-30T12:06:22Z">
    <groups>
    </groups>
  </suite> <!-- Chrome_Suite -->
  <suite name="Smoke_Suite" duration-ms="36457" started-at="2020-11-30T12:04:21Z" finished-at="2020-11-30T12:04:57Z">
    <groups>
    </groups>
    <test name="Smoke_Test" duration-ms="36457" started-at="2020-11-30T12:04:21Z" finished-at="2020-11-30T12:04:57Z">
      <class name="testScenarios.TS_CarLoan">
        <test-method status="PASS" signature="openWebsite(java.lang.String)[pri:0, instance:testScenarios.TS_CarLoan@3ba9ad43]" name="openWebsite" is-config="true" duration-ms="12793" started-at="2020-11-30T17:34:08Z" finished-at="2020-11-30T17:34:21Z">
          <params>
            <param index="0">
              <value>
                <![CDATA[firefox]]>
              </value>
            </param>
          </params>
          <reporter-output>
          </reporter-output>
        </test-method> <!-- openWebsite -->
        <test-method status="PASS" signature="TC_initiate()[pri:0, instance:testScenarios.TS_CarLoan@3ba9ad43]" name="TC_initiate" is-config="true" duration-ms="3" started-at="2020-11-30T17:34:22Z" finished-at="2020-11-30T17:34:22Z">
          <reporter-output>
          </reporter-output>
        </test-method> <!-- TC_initiate -->
        <test-method status="PASS" signature="TC_initiateClasses()[pri:0, instance:testScenarios.TS_HomeLoan@49d904ec]" name="TC_initiateClasses" is-config="true" duration-ms="9" started-at="2020-11-30T17:34:22Z" finished-at="2020-11-30T17:34:22Z">
          <reporter-output>
          </reporter-output>
        </test-method> <!-- TC_initiateClasses -->
        <test-method status="PASS" signature="TC_initiateClasses()[pri:0, instance:testScenarios.TS_UICheck@48e4374]" name="TC_initiateClasses" is-config="true" duration-ms="4" started-at="2020-11-30T17:34:22Z" finished-at="2020-11-30T17:34:22Z">
          <reporter-output>
          </reporter-output>
        </test-method> <!-- TC_initiateClasses -->
        <test-method status="PASS" signature="TC_carLoanSelect()[pri:1, instance:testScenarios.TS_CarLoan@3ba9ad43]" name="TC_carLoanSelect" duration-ms="621" started-at="2020-11-30T17:34:22Z" finished-at="2020-11-30T17:34:22Z">
          <reporter-output>
          </reporter-output>
        </test-method> <!-- TC_carLoanSelect -->
        <test-method status="PASS" signature="TC_enterDetails()[pri:2, instance:testScenarios.TS_CarLoan@3ba9ad43]" name="TC_enterDetails" duration-ms="2085" started-at="2020-11-30T17:34:22Z" finished-at="2020-11-30T17:34:24Z">
          <reporter-output>
          </reporter-output>
        </test-method> <!-- TC_enterDetails -->
        <test-method status="PASS" signature="TC_selectMonth()[pri:3, instance:testScenarios.TS_CarLoan@3ba9ad43]" name="TC_selectMonth" duration-ms="984" started-at="2020-11-30T17:34:25Z" finished-at="2020-11-30T17:34:26Z">
          <reporter-output>
          </reporter-output>
        </test-method> <!-- TC_selectMonth -->
        <test-method status="PASS" signature="TC_displayResult()[pri:4, instance:testScenarios.TS_CarLoan@3ba9ad43]" name="TC_displayResult" duration-ms="1339" started-at="2020-11-30T17:34:26Z" finished-at="2020-11-30T17:34:27Z">
          <reporter-output>
          </reporter-output>
        </test-method> <!-- TC_displayResult -->
        <test-method status="PASS" signature="exitBrowser()[pri:0, instance:testScenarios.TS_CarLoan@3ba9ad43]" name="exitBrowser" is-config="true" duration-ms="2033" started-at="2020-11-30T17:34:58Z" finished-at="2020-11-30T17:35:00Z">
          <reporter-output>
          </reporter-output>
        </test-method> <!-- exitBrowser -->
      </class> <!-- testScenarios.TS_CarLoan -->
      <class name="testScenarios.TS_UICheck">
        <test-method status="PASS" signature="TC_selectLoanCalculator()[pri:9, instance:testScenarios.TS_UICheck@48e4374]" name="TC_selectLoanCalculator" duration-ms="7883" started-at="2020-11-30T17:34:32Z" finished-at="2020-11-30T17:34:40Z">
          <reporter-output>
          </reporter-output>
        </test-method> <!-- TC_selectLoanCalculator -->
        <test-method status="PASS" signature="TC_emiCalculator()[pri:10, instance:testScenarios.TS_UICheck@48e4374]" name="TC_emiCalculator" duration-ms="5551" started-at="2020-11-30T17:34:40Z" finished-at="2020-11-30T17:34:45Z">
          <reporter-output>
          </reporter-output>
        </test-method> <!-- TC_emiCalculator -->
        <test-method status="PASS" signature="TC_loanAmountCalculator()[pri:11, instance:testScenarios.TS_UICheck@48e4374]" name="TC_loanAmountCalculator" duration-ms="6125" started-at="2020-11-30T17:34:46Z" finished-at="2020-11-30T17:34:52Z">
          <reporter-output>
          </reporter-output>
        </test-method> <!-- TC_loanAmountCalculator -->
        <test-method status="PASS" signature="TC_loanTenureCalculator()[pri:12, instance:testScenarios.TS_UICheck@48e4374]" name="TC_loanTenureCalculator" duration-ms="5518" started-at="2020-11-30T17:34:52Z" finished-at="2020-11-30T17:34:57Z">
          <reporter-output>
          </reporter-output>
        </test-method> <!-- TC_loanTenureCalculator -->
      </class> <!-- testScenarios.TS_UICheck -->
      <class name="testScenarios.TS_HomeLoan">
        <test-method status="PASS" signature="TC_homeLoanSelect()[pri:5, instance:testScenarios.TS_HomeLoan@49d904ec]" name="TC_homeLoanSelect" duration-ms="442" started-at="2020-11-30T17:34:27Z" finished-at="2020-11-30T17:34:28Z">
          <reporter-output>
          </reporter-output>
        </test-method> <!-- TC_homeLoanSelect -->
        <test-method status="PASS" signature="TC_readHomeLoanData()[pri:6, instance:testScenarios.TS_HomeLoan@49d904ec]" name="TC_readHomeLoanData" duration-ms="2270" started-at="2020-11-30T17:34:28Z" finished-at="2020-11-30T17:34:30Z">
          <reporter-output>
          </reporter-output>
        </test-method> <!-- TC_readHomeLoanData -->
        <test-method status="PASS" signature="TC_scrollDown()[pri:7, instance:testScenarios.TS_HomeLoan@49d904ec]" name="TC_scrollDown" duration-ms="90" started-at="2020-11-30T17:34:30Z" finished-at="2020-11-30T17:34:30Z">
          <reporter-output>
          </reporter-output>
        </test-method> <!-- TC_scrollDown -->
        <test-method status="PASS" signature="TC_yearWiseData()[pri:8, instance:testScenarios.TS_HomeLoan@49d904ec]" name="TC_yearWiseData" duration-ms="1055" started-at="2020-11-30T17:34:31Z" finished-at="2020-11-30T17:34:32Z">
          <reporter-output>
          </reporter-output>
        </test-method> <!-- TC_yearWiseData -->
      </class> <!-- testScenarios.TS_HomeLoan -->
    </test> <!-- Smoke_Test -->
  </suite> <!-- Smoke_Suite -->
  <suite name="Firefox_Suite" duration-ms="0" started-at="2020-11-30T12:06:22Z" finished-at="2020-11-30T12:06:22Z">
    <groups>
    </groups>
  </suite> <!-- Firefox_Suite -->
  <suite name="Hackathon_DataDriver" duration-ms="0" started-at="2020-11-30T12:06:22Z" finished-at="2020-11-30T12:06:22Z">
    <groups>
    </groups>
  </suite> <!-- Hackathon_DataDriver -->
  <suite name="Regression_Suite (0)" duration-ms="3253" started-at="2020-11-30T12:06:17Z" finished-at="2020-11-30T12:06:20Z">
    <groups>
    </groups>
    <test name="Regresion_Test" duration-ms="3253" started-at="2020-11-30T12:06:17Z" finished-at="2020-11-30T12:06:20Z">
      <class name="testScenarios.TS_PersonalLoan">
        <test-method status="PASS" signature="openWebsite(java.lang.String)[pri:0, instance:testScenarios.TS_PersonalLoan@3f197a46]" name="openWebsite" is-config="true" duration-ms="11067" started-at="2020-11-30T17:36:05Z" finished-at="2020-11-30T17:36:17Z">
          <params>
            <param index="0">
              <value>
                <![CDATA[firefox]]>
              </value>
            </param>
          </params>
          <reporter-output>
          </reporter-output>
        </test-method> <!-- openWebsite -->
        <test-method status="PASS" signature="TC_initiateClasses()[pri:0, instance:testScenarios.TS_PersonalLoan@3f197a46]" name="TC_initiateClasses" is-config="true" duration-ms="1" started-at="2020-11-30T17:36:17Z" finished-at="2020-11-30T17:36:17Z">
          <reporter-output>
          </reporter-output>
        </test-method> <!-- TC_initiateClasses -->
        <test-method status="PASS" signature="TC_personalLoanSelect()[pri:1, instance:testScenarios.TS_PersonalLoan@3f197a46]" name="TC_personalLoanSelect" duration-ms="474" started-at="2020-11-30T17:36:17Z" finished-at="2020-11-30T17:36:17Z">
          <reporter-output>
          </reporter-output>
        </test-method> <!-- TC_personalLoanSelect -->
        <test-method status="PASS" signature="TC_enterDetails()[pri:2, instance:testScenarios.TS_PersonalLoan@3f197a46]" name="TC_enterDetails" duration-ms="2081" started-at="2020-11-30T17:36:17Z" finished-at="2020-11-30T17:36:19Z">
          <reporter-output>
          </reporter-output>
        </test-method> <!-- TC_enterDetails -->
        <test-method status="PASS" signature="TC_scrollDown()[pri:3, instance:testScenarios.TS_PersonalLoan@3f197a46]" name="TC_scrollDown" duration-ms="154" started-at="2020-11-30T17:36:19Z" finished-at="2020-11-30T17:36:20Z">
          <reporter-output>
          </reporter-output>
        </test-method> <!-- TC_scrollDown -->
        <test-method status="PASS" signature="exitBrowser()[pri:0, instance:testScenarios.TS_PersonalLoan@3f197a46]" name="exitBrowser" is-config="true" duration-ms="1644" started-at="2020-11-30T17:36:20Z" finished-at="2020-11-30T17:36:22Z">
          <reporter-output>
          </reporter-output>
        </test-method> <!-- exitBrowser -->
      </class> <!-- testScenarios.TS_PersonalLoan -->
    </test> <!-- Regresion_Test -->
  </suite> <!-- Regression_Suite (0) -->
  <suite name="Regression_Suite" duration-ms="3342" started-at="2020-11-30T12:05:13Z" finished-at="2020-11-30T12:05:16Z">
    <groups>
    </groups>
    <test name="Regresion_Test" duration-ms="3342" started-at="2020-11-30T12:05:13Z" finished-at="2020-11-30T12:05:16Z">
      <class name="testScenarios.TS_PersonalLoan">
        <test-method status="PASS" signature="openWebsite(java.lang.String)[pri:0, instance:testScenarios.TS_PersonalLoan@6a400542]" name="openWebsite" is-config="true" duration-ms="12176" started-at="2020-11-30T17:35:00Z" finished-at="2020-11-30T17:35:13Z">
          <params>
            <param index="0">
              <value>
                <![CDATA[firefox]]>
              </value>
            </param>
          </params>
          <reporter-output>
          </reporter-output>
        </test-method> <!-- openWebsite -->
        <test-method status="PASS" signature="TC_initiateClasses()[pri:0, instance:testScenarios.TS_PersonalLoan@6a400542]" name="TC_initiateClasses" is-config="true" duration-ms="0" started-at="2020-11-30T17:35:13Z" finished-at="2020-11-30T17:35:13Z">
          <reporter-output>
          </reporter-output>
        </test-method> <!-- TC_initiateClasses -->
        <test-method status="PASS" signature="TC_personalLoanSelect()[pri:1, instance:testScenarios.TS_PersonalLoan@6a400542]" name="TC_personalLoanSelect" duration-ms="483" started-at="2020-11-30T17:35:13Z" finished-at="2020-11-30T17:35:13Z">
          <reporter-output>
          </reporter-output>
        </test-method> <!-- TC_personalLoanSelect -->
        <test-method status="PASS" signature="TC_enterDetails()[pri:2, instance:testScenarios.TS_PersonalLoan@6a400542]" name="TC_enterDetails" duration-ms="2056" started-at="2020-11-30T17:35:13Z" finished-at="2020-11-30T17:35:15Z">
          <reporter-output>
          </reporter-output>
        </test-method> <!-- TC_enterDetails -->
        <test-method status="PASS" signature="TC_scrollDown()[pri:3, instance:testScenarios.TS_PersonalLoan@6a400542]" name="TC_scrollDown" duration-ms="240" started-at="2020-11-30T17:35:16Z" finished-at="2020-11-30T17:35:16Z">
          <reporter-output>
          </reporter-output>
        </test-method> <!-- TC_scrollDown -->
        <test-method status="PASS" signature="exitBrowser()[pri:0, instance:testScenarios.TS_PersonalLoan@6a400542]" name="exitBrowser" is-config="true" duration-ms="1843" started-at="2020-11-30T17:35:16Z" finished-at="2020-11-30T17:35:18Z">
          <reporter-output>
          </reporter-output>
        </test-method> <!-- exitBrowser -->
      </class> <!-- testScenarios.TS_PersonalLoan -->
    </test> <!-- Regresion_Test -->
  </suite> <!-- Regression_Suite -->
  <suite name="Smoke_Suite (0)" duration-ms="33590" started-at="2020-11-30T12:05:30Z" finished-at="2020-11-30T12:06:04Z">
    <groups>
    </groups>
    <test name="Smoke_Test" duration-ms="33590" started-at="2020-11-30T12:05:30Z" finished-at="2020-11-30T12:06:04Z">
      <class name="testScenarios.TS_CarLoan">
        <test-method status="PASS" signature="openWebsite(java.lang.String)[pri:0, instance:testScenarios.TS_CarLoan@21de60b4]" name="openWebsite" is-config="true" duration-ms="12045" started-at="2020-11-30T17:35:18Z" finished-at="2020-11-30T17:35:30Z">
          <params>
            <param index="0">
              <value>
                <![CDATA[firefox]]>
              </value>
            </param>
          </params>
          <reporter-output>
          </reporter-output>
        </test-method> <!-- openWebsite -->
        <test-method status="PASS" signature="TC_initiate()[pri:0, instance:testScenarios.TS_CarLoan@21de60b4]" name="TC_initiate" is-config="true" duration-ms="1" started-at="2020-11-30T17:35:30Z" finished-at="2020-11-30T17:35:30Z">
          <reporter-output>
          </reporter-output>
        </test-method> <!-- TC_initiate -->
        <test-method status="PASS" signature="TC_initiateClasses()[pri:0, instance:testScenarios.TS_HomeLoan@c267ef4]" name="TC_initiateClasses" is-config="true" duration-ms="0" started-at="2020-11-30T17:35:30Z" finished-at="2020-11-30T17:35:30Z">
          <reporter-output>
          </reporter-output>
        </test-method> <!-- TC_initiateClasses -->
        <test-method status="PASS" signature="TC_initiateClasses()[pri:0, instance:testScenarios.TS_UICheck@30ee2816]" name="TC_initiateClasses" is-config="true" duration-ms="1" started-at="2020-11-30T17:35:30Z" finished-at="2020-11-30T17:35:30Z">
          <reporter-output>
          </reporter-output>
        </test-method> <!-- TC_initiateClasses -->
        <test-method status="PASS" signature="TC_carLoanSelect()[pri:1, instance:testScenarios.TS_CarLoan@21de60b4]" name="TC_carLoanSelect" duration-ms="514" started-at="2020-11-30T17:35:30Z" finished-at="2020-11-30T17:35:31Z">
          <reporter-output>
          </reporter-output>
        </test-method> <!-- TC_carLoanSelect -->
        <test-method status="PASS" signature="TC_enterDetails()[pri:2, instance:testScenarios.TS_CarLoan@21de60b4]" name="TC_enterDetails" duration-ms="2129" started-at="2020-11-30T17:35:31Z" finished-at="2020-11-30T17:35:33Z">
          <reporter-output>
          </reporter-output>
        </test-method> <!-- TC_enterDetails -->
        <test-method status="PASS" signature="TC_selectMonth()[pri:3, instance:testScenarios.TS_CarLoan@21de60b4]" name="TC_selectMonth" duration-ms="1213" started-at="2020-11-30T17:35:33Z" finished-at="2020-11-30T17:35:34Z">
          <reporter-output>
          </reporter-output>
        </test-method> <!-- TC_selectMonth -->
        <test-method status="PASS" signature="TC_displayResult()[pri:4, instance:testScenarios.TS_CarLoan@21de60b4]" name="TC_displayResult" duration-ms="142" started-at="2020-11-30T17:35:34Z" finished-at="2020-11-30T17:35:34Z">
          <reporter-output>
          </reporter-output>
        </test-method> <!-- TC_displayResult -->
        <test-method status="PASS" signature="exitBrowser()[pri:0, instance:testScenarios.TS_CarLoan@21de60b4]" name="exitBrowser" is-config="true" duration-ms="1755" started-at="2020-11-30T17:36:04Z" finished-at="2020-11-30T17:36:05Z">
          <reporter-output>
          </reporter-output>
        </test-method> <!-- exitBrowser -->
      </class> <!-- testScenarios.TS_CarLoan -->
      <class name="testScenarios.TS_UICheck">
        <test-method status="PASS" signature="TC_selectLoanCalculator()[pri:9, instance:testScenarios.TS_UICheck@30ee2816]" name="TC_selectLoanCalculator" duration-ms="6754" started-at="2020-11-30T17:35:39Z" finished-at="2020-11-30T17:35:45Z">
          <reporter-output>
          </reporter-output>
        </test-method> <!-- TC_selectLoanCalculator -->
        <test-method status="PASS" signature="TC_emiCalculator()[pri:10, instance:testScenarios.TS_UICheck@30ee2816]" name="TC_emiCalculator" duration-ms="6280" started-at="2020-11-30T17:35:46Z" finished-at="2020-11-30T17:35:52Z">
          <reporter-output>
          </reporter-output>
        </test-method> <!-- TC_emiCalculator -->
        <test-method status="PASS" signature="TC_loanAmountCalculator()[pri:11, instance:testScenarios.TS_UICheck@30ee2816]" name="TC_loanAmountCalculator" duration-ms="5609" started-at="2020-11-30T17:35:52Z" finished-at="2020-11-30T17:35:58Z">
          <reporter-output>
          </reporter-output>
        </test-method> <!-- TC_loanAmountCalculator -->
        <test-method status="PASS" signature="TC_loanTenureCalculator()[pri:12, instance:testScenarios.TS_UICheck@30ee2816]" name="TC_loanTenureCalculator" duration-ms="5552" started-at="2020-11-30T17:35:58Z" finished-at="2020-11-30T17:36:03Z">
          <reporter-output>
          </reporter-output>
        </test-method> <!-- TC_loanTenureCalculator -->
      </class> <!-- testScenarios.TS_UICheck -->
      <class name="testScenarios.TS_HomeLoan">
        <test-method status="PASS" signature="TC_homeLoanSelect()[pri:5, instance:testScenarios.TS_HomeLoan@c267ef4]" name="TC_homeLoanSelect" duration-ms="379" started-at="2020-11-30T17:35:35Z" finished-at="2020-11-30T17:35:35Z">
          <reporter-output>
          </reporter-output>
        </test-method> <!-- TC_homeLoanSelect -->
        <test-method status="PASS" signature="TC_readHomeLoanData()[pri:6, instance:testScenarios.TS_HomeLoan@c267ef4]" name="TC_readHomeLoanData" duration-ms="2114" started-at="2020-11-30T17:35:35Z" finished-at="2020-11-30T17:35:37Z">
          <reporter-output>
          </reporter-output>
        </test-method> <!-- TC_readHomeLoanData -->
        <test-method status="PASS" signature="TC_scrollDown()[pri:7, instance:testScenarios.TS_HomeLoan@c267ef4]" name="TC_scrollDown" duration-ms="98" started-at="2020-11-30T17:35:37Z" finished-at="2020-11-30T17:35:38Z">
          <reporter-output>
          </reporter-output>
        </test-method> <!-- TC_scrollDown -->
        <test-method status="PASS" signature="TC_yearWiseData()[pri:8, instance:testScenarios.TS_HomeLoan@c267ef4]" name="TC_yearWiseData" duration-ms="793" started-at="2020-11-30T17:35:38Z" finished-at="2020-11-30T17:35:38Z">
          <reporter-output>
          </reporter-output>
        </test-method> <!-- TC_yearWiseData -->
      </class> <!-- testScenarios.TS_HomeLoan -->
    </test> <!-- Smoke_Test -->
  </suite> <!-- Smoke_Suite (0) -->
</testng-results>
