<?xml version="1.0" encoding="UTF-8"?>
<!-- Generated by org.testng.reporters.JUnitXMLReporter -->
<testsuite hostname="John007-Dell" ignored="0" name="Regresion_Test" tests="3" failures="0" timestamp="30 Nov 2020 03:17:36 GMT" time="2.96" errors="0">
  <testcase name="TC_homeLoanSelect" time="0.419" classname="testScenarios.TS_PersonalLoan"/>
  <testcase name="TC_EnterDetails" time="1.984" classname="testScenarios.TS_PersonalLoan"/>
  <testcase name="TC_ScrollDown" time="0.111" classname="testScenarios.TS_PersonalLoan"/>
</testsuite> <!-- Regresion_Test -->
