<?xml version="1.0" encoding="UTF-8"?>
<!-- Generated by org.testng.reporters.JUnitXMLReporter -->
<testsuite hostname="John007-Dell" ignored="0" name="Regresion_Test" tests="3" failures="0" timestamp="30 Nov 2020 12:05:16 GMT" time="3.342" errors="0">
  <testcase name="TC_personalLoanSelect" time="0.483" classname="testScenarios.TS_PersonalLoan"/>
  <testcase name="TC_enterDetails" time="2.056" classname="testScenarios.TS_PersonalLoan"/>
  <testcase name="TC_scrollDown" time="0.24" classname="testScenarios.TS_PersonalLoan"/>
</testsuite> <!-- Regresion_Test -->
