<?xml version="1.0" encoding="UTF-8"?>
<!-- Generated by org.testng.reporters.JUnitXMLReporter -->
<testsuite hostname="John007-Dell" ignored="4" name="Smoke_Test" tests="12" failures="0" timestamp="30 Nov 2020 12:06:04 GMT" time="33.59" errors="0">
  <testcase name="TC_carLoanSelect" time="0.514" classname="testScenarios.TS_CarLoan"/>
  <testcase name="TC_enterDetails" time="2.129" classname="testScenarios.TS_CarLoan"/>
  <testcase name="TC_selectMonth" time="1.213" classname="testScenarios.TS_CarLoan"/>
  <testcase name="TC_displayResult" time="0.142" classname="testScenarios.TS_CarLoan"/>
  <testcase name="TC_homeLoanSelect" time="0.379" classname="testScenarios.TS_HomeLoan"/>
  <testcase name="TC_readHomeLoanData" time="2.114" classname="testScenarios.TS_HomeLoan"/>
  <testcase name="TC_scrollDown" time="0.098" classname="testScenarios.TS_HomeLoan"/>
  <testcase name="TC_yearWiseData" time="0.793" classname="testScenarios.TS_HomeLoan"/>
  <testcase name="TC_selectLoanCalculator" time="6.754" classname="testScenarios.TS_UICheck"/>
  <testcase name="TC_emiCalculator" time="6.28" classname="testScenarios.TS_UICheck"/>
  <testcase name="TC_loanAmountCalculator" time="5.609" classname="testScenarios.TS_UICheck"/>
  <testcase name="TC_loanTenureCalculator" time="5.552" classname="testScenarios.TS_UICheck"/>
  <testcase name="@BeforeSuite openWebsite" time="0.0" classname="testScenarios.DriverSetup">
    <ignored/>
  </testcase> <!-- @BeforeSuite openWebsite -->
  <testcase name="@BeforeSuite openWebsite" time="0.0" classname="testScenarios.DriverSetup">
    <ignored/>
  </testcase> <!-- @BeforeSuite openWebsite -->
  <testcase name="@AfterSuite exitBrowser" time="0.0" classname="testScenarios.DriverSetup">
    <ignored/>
  </testcase> <!-- @AfterSuite exitBrowser -->
  <testcase name="@AfterSuite exitBrowser" time="0.0" classname="testScenarios.DriverSetup">
    <ignored/>
  </testcase> <!-- @AfterSuite exitBrowser -->
</testsuite> <!-- Smoke_Test -->
