<?xml version="1.0" encoding="UTF-8"?>
<!-- Generated by org.testng.reporters.JUnitXMLReporter -->
<testsuite hostname="John007-Dell" ignored="4" name="Smoke_Test" tests="12" failures="0" timestamp="28 Nov 2020 02:27:28 GMT" time="37.092" errors="0">
  <testcase name="TC_CarLoanSelect" time="0.538" classname="tests.TS_CarLoan"/>
  <testcase name="TC_EnterDetails" time="2.065" classname="tests.TS_CarLoan"/>
  <testcase name="TC_SelectMonth" time="0.831" classname="tests.TS_CarLoan"/>
  <testcase name="TC_DisplayResult" time="0.149" classname="tests.TS_CarLoan"/>
  <testcase name="TC_homeLoanSelect" time="0.484" classname="tests.TS_HomeLoan"/>
  <testcase name="TC_readHomeLoanData" time="2.481" classname="tests.TS_HomeLoan"/>
  <testcase name="TC_ScrollDown" time="0.118" classname="tests.TS_HomeLoan"/>
  <testcase name="TC_YearWiseData" time="0.7" classname="tests.TS_HomeLoan"/>
  <testcase name="TC_SelectLoanCalculator" time="12.9" classname="tests.TS_UICheck"/>
  <testcase name="TC_EMICalculator" time="5.154" classname="tests.TS_UICheck"/>
  <testcase name="TC_LoanAmountCalculator" time="4.8" classname="tests.TS_UICheck"/>
  <testcase name="TC_LoanTenureCalculator" time="4.787" classname="tests.TS_UICheck"/>
  <testcase name="@BeforeSuite openWebsite" time="0.0" classname="tests.BaseClass">
    <ignored/>
  </testcase> <!-- @BeforeSuite openWebsite -->
  <testcase name="@BeforeSuite openWebsite" time="0.0" classname="tests.BaseClass">
    <ignored/>
  </testcase> <!-- @BeforeSuite openWebsite -->
  <testcase name="@AfterSuite exitBrowser" time="0.0" classname="tests.BaseClass">
    <ignored/>
  </testcase> <!-- @AfterSuite exitBrowser -->
  <testcase name="@AfterSuite exitBrowser" time="0.0" classname="tests.BaseClass">
    <ignored/>
  </testcase> <!-- @AfterSuite exitBrowser -->
</testsuite> <!-- Smoke_Test -->
